Exception in thread "main" java.net.UnknownHostException: slickdeals.net
	at java.net.AbstractPlainSocketImpl.connect(AbstractPlainSocketImpl.java:184)
	at java.net.SocksSocketImpl.connect(SocksSocketImpl.java:392)
	at java.net.Socket.connect(Socket.java:589)
	at sun.net.NetworkClient.doConnect(NetworkClient.java:175)
	at sun.net.www.http.HttpClient.openServer(HttpClient.java:432)
	at sun.net.www.http.HttpClient.openServer(HttpClient.java:527)
	at sun.net.www.http.HttpClient.<init>(HttpClient.java:211)
	at sun.net.www.http.HttpClient.New(HttpClient.java:308)
	at sun.net.www.http.HttpClient.New(HttpClient.java:326)
	at sun.net.www.protocol.http.HttpURLConnection.getNewHttpClient(HttpURLConnection.java:1169)
	at sun.net.www.protocol.http.HttpURLConnection.plainConnect0(HttpURLConnection.java:1105)
	at sun.net.www.protocol.http.HttpURLConnection.plainConnect(HttpURLConnection.java:999)
	at sun.net.www.protocol.http.HttpURLConnection.connect(HttpURLConnection.java:933)
	at org.jsoup.helper.HttpConnection$Response.execute(HttpConnection.java:563)
	at org.jsoup.helper.HttpConnection$Response.execute(HttpConnection.java:540)
	at org.jsoup.helper.HttpConnection.execute(HttpConnection.java:227)
	at org.jsoup.helper.HttpConnection.get(HttpConnection.java:216)
	at com.sandisk.JSD.fpage(JSD.java:105)
	at com.sandisk.JSD.sendMail(JSD.java:157)
	at com.sandisk.JSD.main(JSD.java:206)
